<?xml version="1.0" encoding="UTF-8"?>
<!-- Generated by org.testng.reporters.JUnitReportReporter -->
<testsuite hostname="DESKTOP-CL7DG84" name="JavaLearning.SeleniumTest" tests="2" failures="0" timestamp="28 May 2019 01:47:07 GMT" time="0.015" errors="0">
  <testcase name="browserTesting" time="0.014" classname="JavaLearning.SeleniumTest"/>
  <testcase name="webtesting" time="0.001" classname="JavaLearning.SeleniumTest"/>
</testsuite> <!-- JavaLearning.SeleniumTest -->
