<?xml version="1.0" encoding="UTF-8"?>
<!-- Generated by org.testng.reporters.JUnitReportReporter -->
<testsuite hostname="DESKTOP-CL7DG84" name="JavaLearning.MavenDay1Test" tests="3" failures="0" timestamp="28 May 2019 01:46:54 GMT" time="0.001" errors="0">
  <testcase name="test1" time="0.000" classname="JavaLearning.MavenDay1Test"/>
  <testcase name="test3" time="0.000" classname="JavaLearning.MavenDay1Test"/>
  <testcase name="test2" time="0.001" classname="JavaLearning.MavenDay1Test"/>
</testsuite> <!-- JavaLearning.MavenDay1Test -->
